C51 COMPILER V9.54   ADDITION                                                              03/04/2022 21:54:18 PAGE 1   


C51 COMPILER V9.54, COMPILATION OF MODULE ADDITION
OBJECT MODULE PLACED IN .\Objects\addition.obj
COMPILER INVOKED BY: C:\Keil_v5\C51\BIN\C51.EXE addition.c OPTIMIZE(8,SPEED) BROWSE DEBUG OBJECTEXTEND PRINT(.\Listings\
                    -addition.lst) TABS(2) OBJECT(.\Objects\addition.obj)

line level    source

   1          #include <reg52.h>
   2          
   3          sbit ADDR0 = P1^0;
   4          sbit ADDR1 = P1^1;
   5          sbit ADDR2 = P1^2;
   6          sbit ADDR3 = P1^3;
   7          sbit ENLED = P1^4;
   8          sbit KEY_IN_1  = P2^4;
   9          sbit KEY_IN_2  = P2^5;
  10          sbit KEY_IN_3  = P2^6;
  11          sbit KEY_IN_4  = P2^7;
  12          sbit KEY_OUT_1 = P2^3;
  13          sbit KEY_OUT_2 = P2^2;
  14          sbit KEY_OUT_3 = P2^1;
  15          sbit KEY_OUT_4 = P2^0;
  16          
  17          unsigned char code LedChar[] = {  //数码管显示字符转换表
  18              0xC0, 0xF9, 0xA4, 0xB0, 0x99, 0x92, 0x82, 0xF8,
  19              0x80, 0x90, 0x88, 0x83, 0xC6, 0xA1, 0x86, 0x8E
  20          };
  21          unsigned char LedBuff[6] = {  //数码管显示缓冲区
  22              0xFF, 0xFF, 0xFF, 0xFF, 0xFF, 0xFF
  23          };
  24          unsigned char code KeyCodeMap[4][4] = { //矩阵按键编号到标准键盘键码的映射表
  25              { 0x31, 0x32, 0x33, 0x26 }, //数字键1、数字键2、数字键3、向上键
  26              { 0x34, 0x35, 0x36, 0x25 }, //数字键4、数字键5、数字键6、向左键
  27              { 0x37, 0x38, 0x39, 0x28 }, //数字键7、数字键8、数字键9、向下键
  28              { 0x30, 0x1B, 0x0D, 0x27 }  //数字键0、ESC键、  回车键、 向右键
  29          };
  30          unsigned char KeySta[4][4] = {  //全部矩阵按键的当前状态
  31              {1, 1, 1, 1},  {1, 1, 1, 1},  {1, 1, 1, 1},  {1, 1, 1, 1}
  32          };
  33          
  34          void KeyDriver();
  35          
  36          void main()
  37          {
  38   1          EA = 1;       //使能总中断
  39   1          ENLED = 0;    //选择数码管进行显示
  40   1          ADDR3 = 1;
  41   1          TMOD = 0x01;  //设置T0为模式1
  42   1          TH0  = 0xFC;  //为T0赋初值0xFC67，定时1ms
  43   1          TL0  = 0x67;
  44   1          ET0  = 1;     //使能T0中断
  45   1          TR0  = 1;     //启动T0
  46   1          LedBuff[0] = LedChar[0];  //上电显示0
  47   1        
  48   1          while (1)
  49   1          {
  50   2              KeyDriver();   //调用按键驱动函数
  51   2          }
  52   1      }
  53          /* 将一个无符号长整型的数字显示到数码管上，num-待显示数字 */
  54          void ShowNumber(unsigned long num)
C51 COMPILER V9.54   ADDITION                                                              03/04/2022 21:54:18 PAGE 2   

  55          {
  56   1          signed char i;
  57   1          unsigned char buf[6];
  58   1          
  59   1          for (i=0; i<6; i++)   //把长整型数转换为6位十进制的数组
  60   1          {
  61   2              buf[i] = num % 10;
  62   2              num = num / 10;
  63   2          }
  64   1          for (i=5; i>=1; i--)  //从最高位起，遇到0转换为空格，遇到非0则退出循环
  65   1          {
  66   2              if (buf[i] == 0)
  67   2                  LedBuff[i] = 0xFF;
  68   2              else
  69   2                  break;
  70   2          }
  71   1          for ( ; i>=0; i--)    //剩余低位都如实转换为数码管显示字符
  72   1          {
  73   2              LedBuff[i] = LedChar[buf[i]];
  74   2          }
  75   1      }
  76          /* 按键动作函数，根据键码执行相应的操作，keycode-按键键码 */
  77          void KeyAction(unsigned char keycode)
  78          {
  79   1          static unsigned long result = 0;  //用于保存运算结果
  80   1          static unsigned long addend = 0;  //用于保存输入的加数
  81   1          
  82   1          if ((keycode>=0x30) && (keycode<=0x39))  //输入0-9的数字
  83   1          {
  84   2              addend = (addend*10)+(keycode-0x30); //整体十进制左移，新数字进入个位
  85   2              ShowNumber(addend);    //运算结果显示到数码管
  86   2          }
  87   1          else if (keycode == 0x26)  //向上键用作加号，执行加法或连加运算
  88   1          {
  89   2              result += addend;      //进行加法运算
  90   2              addend = 0;
  91   2              ShowNumber(result);    //运算结果显示到数码管
  92   2          }
  93   1          else if (keycode == 0x0D)  //回车键，执行加法运算(实际效果与加号相同)
  94   1          {
  95   2              result += addend;      //进行加法运算
  96   2              addend = 0;
  97   2              ShowNumber(result);    //运算结果显示到数码管
  98   2          }
  99   1          else if (keycode == 0x1B)  //Esc键，清零结果
 100   1          {
 101   2              addend = 0;
 102   2              result = 0;
 103   2              ShowNumber(addend);    //清零后的加数显示到数码管
 104   2          }
 105   1      }
 106          /* 按键驱动函数，检测按键动作，调度相应动作函数，需在主循环中调用 */
 107          void KeyDriver()
 108          {
 109   1          unsigned char i, j;
 110   1          static unsigned char backup[4][4] = {  //按键值备份，保存前一次的值
 111   1              {1, 1, 1, 1},  {1, 1, 1, 1},  {1, 1, 1, 1},  {1, 1, 1, 1}
 112   1          };
 113   1          
 114   1          for (i=0; i<4; i++)  //循环检测4*4的矩阵按键
 115   1          {
 116   2              for (j=0; j<4; j++)
C51 COMPILER V9.54   ADDITION                                                              03/04/2022 21:54:18 PAGE 3   

 117   2              {
 118   3                  if (backup[i][j] != KeySta[i][j])    //检测按键动作
 119   3                  {
 120   4                      if (backup[i][j] != 0)           //按键按下时执行动作
 121   4                      {
 122   5                          KeyAction(KeyCodeMap[i][j]); //调用按键动作函数
 123   5                      }
 124   4                      backup[i][j] = KeySta[i][j];     //刷新前一次的备份值
 125   4                  }
 126   3              }
 127   2          }
 128   1      }
 129          /* 按键扫描函数，需在定时中断中调用，推荐调用间隔1ms */
 130          void KeyScan()
 131          {
 132   1          unsigned char i;
 133   1          static unsigned char keyout = 0;   //矩阵按键扫描输出索引
 134   1          static unsigned char keybuf[4][4] = {  //矩阵按键扫描缓冲区
 135   1              {0xFF, 0xFF, 0xFF, 0xFF},  {0xFF, 0xFF, 0xFF, 0xFF},
 136   1              {0xFF, 0xFF, 0xFF, 0xFF},  {0xFF, 0xFF, 0xFF, 0xFF}
 137   1          };
 138   1      
 139   1          //将一行的4个按键值移入缓冲区
 140   1          keybuf[keyout][0] = (keybuf[keyout][0] << 1) | KEY_IN_1;
 141   1          keybuf[keyout][1] = (keybuf[keyout][1] << 1) | KEY_IN_2;
 142   1          keybuf[keyout][2] = (keybuf[keyout][2] << 1) | KEY_IN_3;
 143   1          keybuf[keyout][3] = (keybuf[keyout][3] << 1) | KEY_IN_4;
 144   1          //消抖后更新按键状态
 145   1          for (i=0; i<4; i++)  //每行4个按键，所以循环4次
 146   1          {
 147   2              if ((keybuf[keyout][i] & 0x0F) == 0x00)
 148   2              {   //连续4次扫描值为0，即4*4ms内都是按下状态时，可认为按键已稳定的按下
 149   3                  KeySta[keyout][i] = 0;
 150   3              }
 151   2              else if ((keybuf[keyout][i] & 0x0F) == 0x0F)
 152   2              {   //连续4次扫描值为1，即4*4ms内都是弹起状态时，可认为按键已稳定的弹起
 153   3                  KeySta[keyout][i] = 1;
 154   3              }
 155   2          }
 156   1          //执行下一次的扫描输出
 157   1          keyout++;                //输出索引递增
 158   1          keyout = keyout & 0x03;  //索引值加到4即归零
 159   1          switch (keyout)          //根据索引，释放当前输出引脚，拉低下次的输出引脚
 160   1          {
 161   2              case 0: KEY_OUT_4 = 1; KEY_OUT_1 = 0; break;
 162   2              case 1: KEY_OUT_1 = 1; KEY_OUT_2 = 0; break;
 163   2              case 2: KEY_OUT_2 = 1; KEY_OUT_3 = 0; break;
 164   2              case 3: KEY_OUT_3 = 1; KEY_OUT_4 = 0; break;
 165   2              default: break;
 166   2          }
 167   1      }
 168          /* 数码管动态扫描刷新函数，需在定时中断中调用 */
 169          void LedScan()
 170          {
 171   1          static unsigned char i = 0;  //动态扫描的索引
 172   1          
 173   1          P0 = 0xFF;   //显示消隐
 174   1          switch (i)
 175   1          {
 176   2              case 0: ADDR2=0; ADDR1=0; ADDR0=0; i++; P0=LedBuff[0]; break;
 177   2              case 1: ADDR2=0; ADDR1=0; ADDR0=1; i++; P0=LedBuff[1]; break;
 178   2              case 2: ADDR2=0; ADDR1=1; ADDR0=0; i++; P0=LedBuff[2]; break;
C51 COMPILER V9.54   ADDITION                                                              03/04/2022 21:54:18 PAGE 4   

 179   2              case 3: ADDR2=0; ADDR1=1; ADDR0=1; i++; P0=LedBuff[3]; break;
 180   2              case 4: ADDR2=1; ADDR1=0; ADDR0=0; i++; P0=LedBuff[4]; break;
 181   2              case 5: ADDR2=1; ADDR1=0; ADDR0=1; i=0; P0=LedBuff[5]; break;
 182   2              default: break;
 183   2          }
 184   1      }
 185          /* T0中断服务函数，用于数码管显示扫描与按键扫描 */
 186          void InterruptTimer0() interrupt 1
 187          {
 188   1          TH0 = 0xFC;  //重新加载初值
 189   1          TL0 = 0x67;
 190   1          LedScan();   //调用数码管显示扫描函数
 191   1          KeyScan();   //调用按键扫描函数
 192   1      }


MODULE INFORMATION:   STATIC OVERLAYABLE
   CODE SIZE        =    820    ----
   CONSTANT SIZE    =     32    ----
   XDATA SIZE       =   ----    ----
   PDATA SIZE       =   ----    ----
   DATA SIZE        =     64      14
   IDATA SIZE       =   ----    ----
   BIT SIZE         =   ----    ----
END OF MODULE INFORMATION.


C51 COMPILATION COMPLETE.  0 WARNING(S),  0 ERROR(S)
