C51 COMPILER V9.54   LED_TUBE                                                              03/01/2022 21:50:23 PAGE 1   


C51 COMPILER V9.54, COMPILATION OF MODULE LED_TUBE
OBJECT MODULE PLACED IN .\Objects\led_tube.obj
COMPILER INVOKED BY: C:\Keil_v5\C51\BIN\C51.EXE E:\C\C\led_tube.c OPTIMIZE(8,SPEED) BROWSE DEBUG OBJECTEXTEND PRINT(.\Li
                    -stings\led_tube.lst) TABS(2) OBJECT(.\Objects\led_tube.obj)

line level    source

   1          #include <reg52.h>
   2          
   3          sbit ADDR0 = P1^0;
   4          sbit ADDR1 = P1^1;
   5          sbit ADDR2 = P1^2;
   6          sbit ADDR3 = P1^3;
   7          sbit ENLED = P1^4;
   8          
   9          unsigned char code LedChar[] = {  //数码管显示字符转换表
  10              0xC0, 0xF9, 0xA4, 0xB0, 0x99, 0x92, 0x82, 0xF8,
  11              0x80, 0x90, 0x88, 0x83, 0xC6, 0xA1, 0x86, 0x8E
  12          };
  13          unsigned char LedBuff[6] = {  //数码管显示缓冲区，初值0xFF确保启动时都不亮
  14              0xFF, 0xFF, 0xFF, 0xFF, 0xFF, 0xFF
  15          };
  16          unsigned char i = 0;   //动态扫描的索引
  17          unsigned int cnt = 0;  //记录T1中断次数
  18          unsigned char flag1s = 0;  //1秒定时标志
  19          
  20          void main()
  21          {
  22   1          char j;  //循环变量
  23   1          unsigned long sec = 584;  //记录经过的秒数，倒计时初值为999999+1
  24   1          unsigned char buf[6];   //中间转换缓冲区
  25   1      
  26   1          EA = 1;       //使能总中断
  27   1          ENLED = 0;    //使能U3
  28   1          ADDR3 = 1;    //因为需要动态改变ADDR0-2的值，所以不需要再初始化了
  29   1          TMOD = 0x10;  //设置T1为模式1
  30   1          TH1  = 0xFC;  //为T1赋初值0xFC67，定时1ms
  31   1          TL1  = 0x67;
  32   1          ET1  = 1;     //使能T1中断
  33   1          TR1  = 1;     //启动T1
  34   1          
  35   1          while (1)
  36   1          {
  37   2              if (flag1s == 1)  //判断1秒定时标志
  38   2              {
  39   3                  flag1s = 0;   //1秒定时标志清零
  40   3                  sec--;        //秒计数自减1
  41   3                  //将sec按十进制位从低到高依次提取到buf数组中
  42   3                  buf[0] = sec%10;
  43   3                  buf[1] = sec/10%10;
  44   3                  buf[2] = sec/100%10;
  45   3                  buf[3] = sec/1000%10;
  46   3                  buf[4] = sec/10000%10;
  47   3                  buf[5] = sec/100000%10;
  48   3                  //从最高为开始，遇到0不显示，遇到非0退出循环
  49   3                  for (j=5; j>=1; j--)
  50   3                  {
  51   4                      if (buf[j] == 0)
  52   4                          LedBuff[j] = 0xFF;
  53   4                      else
  54   4                          break;
C51 COMPILER V9.54   LED_TUBE                                                              03/01/2022 21:50:23 PAGE 2   

  55   4                  }
  56   3                  //将剩余的有效数字位如实转换
  57   3                  for ( ; j>=0; j--)  //for()起始未对j操作，j即保持上个循环结束时的值
  58   3                  {
  59   4                      LedBuff[j] = LedChar[buf[j]];
  60   4                  }
  61   3              }
  62   2          }
  63   1      }
  64          /* 定时器1中断服务函数 */
  65          void InterruptTimer1() interrupt 3
  66          {
  67   1          TH1 = 0xFC;  //重新加载初值
  68   1          TL1 = 0x67;
  69   1          cnt++;       //中断次数计数值加1
  70   1          if (cnt >= 1000)  //中断1000次即1秒
  71   1          {
  72   2              cnt = 0;      //清零计数值以重新开始下1秒计时
  73   2              flag1s = 1;   //设置1秒定时标志为1
  74   2          }
  75   1          //以下代码完成数码管动态扫描刷新
  76   1          P0 = 0xFF;   //显示消隐
  77   1          switch (i)
  78   1          {
  79   2              case 0: ADDR2=0; ADDR1=0; ADDR0=0; i++; P0=LedBuff[0]; break;
  80   2              case 1: ADDR2=0; ADDR1=0; ADDR0=1; i++; P0=LedBuff[1]; break;
  81   2              case 2: ADDR2=0; ADDR1=1; ADDR0=0; i++; P0=LedBuff[2]; break;
  82   2              case 3: ADDR2=0; ADDR1=1; ADDR0=1; i++; P0=LedBuff[3]; break;
  83   2              case 4: ADDR2=1; ADDR1=0; ADDR0=0; i++; P0=LedBuff[4]; break;
  84   2              case 5: ADDR2=1; ADDR1=0; ADDR0=1; i=0; P0=LedBuff[5]; break;
  85   2              default: break;
  86   2          }
  87   1      }


MODULE INFORMATION:   STATIC OVERLAYABLE
   CODE SIZE        =    434    ----
   CONSTANT SIZE    =     16    ----
   XDATA SIZE       =   ----    ----
   PDATA SIZE       =   ----    ----
   DATA SIZE        =     10      11
   IDATA SIZE       =   ----    ----
   BIT SIZE         =   ----    ----
END OF MODULE INFORMATION.


C51 COMPILATION COMPLETE.  0 WARNING(S),  0 ERROR(S)
