C51 COMPILER V9.54   LED_LATTICE                                                           03/01/2022 22:57:20 PAGE 1   


C51 COMPILER V9.54, COMPILATION OF MODULE LED_LATTICE
OBJECT MODULE PLACED IN .\Objects\led_lattice.obj
COMPILER INVOKED BY: C:\Keil_v5\C51\BIN\C51.EXE led_lattice.c OPTIMIZE(8,SPEED) BROWSE DEBUG OBJECTEXTEND PRINT(.\Listin
                    -gs\led_lattice.lst) TABS(2) OBJECT(.\Objects\led_lattice.obj)

line level    source

   1          #include <reg52.h>
   2          
   3          sbit ADDR0 = P1^0;
   4          sbit ADDR1 = P1^1;
   5          sbit ADDR2 = P1^2;
   6          sbit ADDR3 = P1^3;
   7          sbit ENLED = P1^4;
   8          
   9          unsigned char code LedLove[]={
  10              0xFF,0xFF,0xFF,0xFF,0xFF,0xFF,0xFF,0xFF,
  11              0xC3,0xE7,0xE7,0xE7,0xE7,0xE7,0xC3,0xFF,
  12              0x99,0x00,0x00,0x00,0x81,0xC3,0xE7,0xFF,
  13              0x99,0x99,0x99,0x99,0x99,0x81,0xC3,0xFF,
  14              0xFF,0xFF,0xFF,0xFF,0xFF,0xFF,0xFF,0xFF
  15          };
  16          void main()
  17          {
  18   1          EA = 1;      //中断总使能
  19   1          ENLED = 0;
  20   1          ADDR3 = 0;   //U4使能
  21   1          TH0 = 0xFC;
  22   1          TL0 = 0x67;
  23   1          TMOD = 0x01;  //T0定时器模式1
  24   1          ET0 = 1;
  25   1          TR0 = 1;     //T0定时器使能
  26   1          
  27   1      
  28   1          while(1);
  29   1      }
  30          void interruptTime0() interrupt 1  //T0定时器中断
  31          { 
  32   1          static unsigned char j = 0;
  33   1          static unsigned char tmr = 0;
  34   1          static unsigned char index = 0;
  35   1          TH0 = 0xFC;
  36   1          TL0 = 0x67;
  37   1          P0 = 0xFF;
  38   1          switch(j)
  39   1          { 
  40   2          case 0: ADDR2=0; ADDR1=0; ADDR0=0; j++ ; P0 = LedLove[index+0]; break;  
  41   2          case 1: ADDR2=0; ADDR1=0; ADDR0=1; j++ ; P0 = LedLove[index+1]; break;
  42   2          case 2: ADDR2=0; ADDR1=1; ADDR0=0; j++ ; P0 = LedLove[index+2]; break;
  43   2          case 3: ADDR2=0; ADDR1=1; ADDR0=1; j++ ; P0 = LedLove[index+3]; break;
  44   2          case 4: ADDR2=1; ADDR1=0; ADDR0=0; j++ ; P0 = LedLove[index+4]; break;
  45   2          case 5: ADDR2=1; ADDR1=0; ADDR0=1; j++ ; P0 = LedLove[index+5]; break;
  46   2          case 6: ADDR2=1; ADDR1=1; ADDR0=0; j++ ; P0 = LedLove[index+6]; break;
  47   2          case 7: ADDR2=1; ADDR1=1; ADDR0=1; j=0 ; P0 = LedLove[index+7]; break;
  48   2          default:break;    
  49   2          }
  50   1          tmr++;
  51   1          if(tmr >= 250)
  52   1          {
  53   2              tmr = 0;
  54   2              index++;
C51 COMPILER V9.54   LED_LATTICE                                                           03/01/2022 22:57:20 PAGE 2   

  55   2              if(index >= 32)
  56   2              {
  57   3                index = 0;
  58   3              }
  59   2          }
  60   1          
  61   1          
  62   1      
  63   1      
  64   1      }


MODULE INFORMATION:   STATIC OVERLAYABLE
   CODE SIZE        =    240    ----
   CONSTANT SIZE    =     40    ----
   XDATA SIZE       =   ----    ----
   PDATA SIZE       =   ----    ----
   DATA SIZE        =      3    ----
   IDATA SIZE       =   ----    ----
   BIT SIZE         =   ----    ----
END OF MODULE INFORMATION.


C51 COMPILATION COMPLETE.  0 WARNING(S),  0 ERROR(S)
